{"C:\\Users\\bolla\\workspace\\sc2-build-order\\renderer\\__test__\\test-utils.js": {"path":"C:\\Users\\bolla\\workspace\\sc2-build-order\\renderer\\__test__\\test-utils.js","statementMap":{"0":{"start":{"line":4,"column":18},"end":{"line":6,"column":1}},"1":{"start":{"line":5,"column":2},"end":{"line":5,"column":18}},"2":{"start":{"line":8,"column":21},"end":{"line":9,"column":48}},"3":{"start":{"line":9,"column":2},"end":{"line":9,"column":48}}},"fnMap":{"0":{"name":"(anonymous_0)","decl":{"start":{"line":4,"column":18},"end":{"line":4,"column":19}},"loc":{"start":{"line":4,"column":36},"end":{"line":6,"column":1}},"line":4},"1":{"name":"(anonymous_1)","decl":{"start":{"line":8,"column":21},"end":{"line":8,"column":22}},"loc":{"start":{"line":9,"column":2},"end":{"line":9,"column":48}},"line":9}},"branchMap":{"0":{"loc":{"start":{"line":8,"column":26},"end":{"line":8,"column":38}},"type":"default-arg","locations":[{"start":{"line":8,"column":36},"end":{"line":8,"column":38}}],"line":8}},"s":{"0":1,"1":1,"2":1,"3":1},"f":{"0":1,"1":1},"b":{"0":[1]},"_coverageSchema":"1a1c01bbd47fc00a2c39e90264f33305004495a9","hash":"5635099a5f444e0dcb54cf7dca15be2925f68737"}
,"C:\\Users\\bolla\\workspace\\sc2-build-order\\renderer\\pages\\index.js": {"path":"C:\\Users\\bolla\\workspace\\sc2-build-order\\renderer\\pages\\index.js","statementMap":{"0":{"start":{"line":2,"column":2},"end":{"line":6,"column":4}}},"fnMap":{"0":{"name":"HomePage","decl":{"start":{"line":1,"column":24},"end":{"line":1,"column":32}},"loc":{"start":{"line":1,"column":35},"end":{"line":7,"column":1}},"line":1}},"branchMap":{},"s":{"0":1},"f":{"0":1},"b":{},"_coverageSchema":"1a1c01bbd47fc00a2c39e90264f33305004495a9","hash":"51c78554ce90d4d3872be4b0f4a9dfcffd10fea6"}
}
